<?xml version="1.0" encoding="UTF-8"?>
<!-- Generated by org.testng.reporters.JUnitXMLReporter -->
<testsuite ignored="2" hostname="tama" failures="0" tests="3" name="Default test" time="3.184" errors="0" timestamp="2025-05-17T01:11:04 GMT+03:00">
  <testcase classname="SmartBuyWebsiteTest.SmartBuyWebsiteTest.AppTest" name="ReadDatabase" time="0.045"/>
  <testcase classname="SmartBuyWebsiteTest.SmartBuyWebsiteTest.AppTest" name="DeleteProductDatabase" time="0.003"/>
  <testcase classname="SmartBuyWebsiteTest.SmartBuyWebsiteTest.AppTest" name="RegisterForm" time="0.256"/>
  <testcase classname="SmartBuyWebsiteTest.SmartBuyWebsiteTest.AppTest" name="UpdateDatabase" time="0.0">
    <ignored/>
  </testcase> <!-- UpdateDatabase -->
  <testcase classname="SmartBuyWebsiteTest.SmartBuyWebsiteTest.AppTest" name="InsertIntoDatabase" time="0.0">
    <ignored/>
  </testcase> <!-- InsertIntoDatabase -->
</testsuite> <!-- Default test -->
