<?xml version="1.0" encoding="UTF-8"?>
<testng-results ignored="0" total="1" passed="1" failed="0" skipped="0">
  <reporter-output>
  </reporter-output>
  <suite started-at="2025-05-16T21:22:26 GMT+03:00" name="Default suite" finished-at="2025-05-16T21:22:30 GMT+03:00" duration-ms="3440">
    <groups>
    </groups>
    <test started-at="2025-05-16T21:22:26 GMT+03:00" name="Default test" finished-at="2025-05-16T21:22:30 GMT+03:00" duration-ms="3440">
      <class name="SmartBuyWebsiteTest.SmartBuyWebsiteTest.AppTest">
        <test-method is-config="true" signature="Setup()[pri:0, instance:SmartBuyWebsiteTest.SmartBuyWebsiteTest.AppTest@2f05be7f]" started-at="2025-05-16T21:22:26 GMT+03:00" name="Setup" finished-at="2025-05-16T21:22:29 GMT+03:00" duration-ms="2882" status="PASS">
          <reporter-output>
          </reporter-output>
        </test-method> <!-- Setup -->
        <test-method signature="RegisterForm()[pri:1, instance:SmartBuyWebsiteTest.SmartBuyWebsiteTest.AppTest@2f05be7f]" started-at="2025-05-16T21:22:29 GMT+03:00" name="RegisterForm" finished-at="2025-05-16T21:22:30 GMT+03:00" duration-ms="514" status="PASS">
          <reporter-output>
          </reporter-output>
        </test-method> <!-- RegisterForm -->
      </class> <!-- SmartBuyWebsiteTest.SmartBuyWebsiteTest.AppTest -->
    </test> <!-- Default test -->
  </suite> <!-- Default suite -->
</testng-results>
